<?xml version="1.0" encoding="UTF-8"?>
<!-- Generated by org.testng.reporters.JUnitXMLReporter -->
<testsuite ignored="0" hostname="DESKTOP-Q8NBHN4" failures="0" tests="3" name="Default test" time="15.221" errors="0" timestamp="2021-09-16T22:48:38 IST">
  <testcase classname="com.webtestapp.webtest1.NewTest" name="test1" time="3.886"/>
  <testcase classname="com.webtestapp.webtest1.NewTest" name="test2" time="3.413"/>
  <testcase classname="com.webtestapp.webtest1.NewTest" name="test3" time="3.646"/>
</testsuite> <!-- Default test -->
