<?xml version="1.0" encoding="UTF-8"?>
<!-- Generated by org.testng.reporters.JUnitXMLReporter -->
<testsuite ignored="0" hostname="DESKTOP-Q8NBHN4" failures="0" tests="8" name="Test" time="70.069" errors="0" timestamp="2021-09-16T23:18:26 IST">
  <testcase classname="com.webtestapp.webtest1.NewTest2" name="testJbkTitle" time="10.74"/>
  <testcase classname="com.webtestapp.webtest1.NewTest2" name="testJbkTitleInvalid" time="0.905"/>
  <testcase classname="com.webtestapp.webtest1.NewTest2" name="testJbkTitlesubmit" time="29.023"/>
  <testcase classname="com.webtestapp.webtest1.NewTest2" name="testJbkTitlecheck" time="0.483"/>
  <testcase classname="com.webtestapp.webtest1.NewTest2" name="testJbkTitlescroll" time="6.092"/>
  <testcase classname="com.webtestapp.webtest1.NewTest" name="test1" time="2.531"/>
  <testcase classname="com.webtestapp.webtest1.NewTest" name="test2" time="4.01"/>
  <testcase classname="com.webtestapp.webtest1.NewTest" name="test3" time="6.824"/>
</testsuite> <!-- Test -->
