<?xml version="1.0" encoding="UTF-8"?>
<testsuite xmlns:xsi="http://www.w3.org/2001/XMLSchema-instance" xsi:noNamespaceSchemaLocation="https://maven.apache.org/surefire/maven-surefire-plugin/xsd/surefire-test-report.xsd" name="TestSuite" time="71.596" tests="8" errors="0" skipped="0" failures="0">
  <properties>
[...]
</properties>
  <testcase name="testJbkTitle" classname="com.webtestapp.webtest1.NewTest2" time="10.746"/>
  <testcase name="testJbkTitleInvalid" classname="com.webtestapp.webtest1.NewTest2" time="0.91"/>
  <testcase name="testJbkTitlesubmit" classname="com.webtestapp.webtest1.NewTest2" time="29.015"/>
  <testcase name="testJbkTitlecheck" classname="com.webtestapp.webtest1.NewTest2" time="0.484"/>
  <testcase name="testJbkTitlescroll" classname="com.webtestapp.webtest1.NewTest2" time="6.093"/>
  <testcase name="test1" classname="com.webtestapp.webtest1.NewTest" time="2.532"/>
  <testcase name="test2" classname="com.webtestapp.webtest1.NewTest" time="4.011"/>
  <testcase name="test3" classname="com.webtestapp.webtest1.NewTest" time="6.823"/>
</testsuite>