<?xml version="1.0" encoding="UTF-8"?>
<testng-results ignored="0" total="8" passed="8" failed="0" skipped="0">
  <reporter-output>
  </reporter-output>
  <suite started-at="2021-09-16T23:17:16 IST" name="Suite" finished-at="2021-09-16T23:18:26 IST" duration-ms="70069">
    <groups>
    </groups>
    <test started-at="2021-09-16T23:17:16 IST" name="Test" finished-at="2021-09-16T23:18:26 IST" duration-ms="70069">
      <class name="com.webtestapp.webtest1.NewTest">
        <test-method is-config="true" signature="beforeTest()[pri:0, instance:com.webtestapp.webtest1.NewTest@5552768b]" started-at="2021-09-16T23:17:16 IST" name="beforeTest" finished-at="2021-09-16T23:17:19 IST" duration-ms="2952" status="PASS">
          <reporter-output>
          </reporter-output>
        </test-method> <!-- beforeTest -->
        <test-method signature="test1()[pri:0, instance:com.webtestapp.webtest1.NewTest@5552768b]" started-at="2021-09-16T23:18:10 IST" name="test1" finished-at="2021-09-16T23:18:13 IST" duration-ms="2531" status="PASS">
          <reporter-output>
          </reporter-output>
        </test-method> <!-- test1 -->
        <test-method signature="test2()[pri:0, instance:com.webtestapp.webtest1.NewTest@5552768b]" started-at="2021-09-16T23:18:13 IST" name="test2" finished-at="2021-09-16T23:18:17 IST" duration-ms="4010" status="PASS">
          <reporter-output>
          </reporter-output>
        </test-method> <!-- test2 -->
        <test-method signature="test3()[pri:0, instance:com.webtestapp.webtest1.NewTest@5552768b]" started-at="2021-09-16T23:18:17 IST" name="test3" finished-at="2021-09-16T23:18:24 IST" duration-ms="6824" status="PASS">
          <reporter-output>
          </reporter-output>
        </test-method> <!-- test3 -->
        <test-method is-config="true" signature="afterTest()[pri:0, instance:com.webtestapp.webtest1.NewTest@5552768b]" started-at="2021-09-16T23:18:24 IST" name="afterTest" finished-at="2021-09-16T23:18:25 IST" duration-ms="891" status="PASS">
          <reporter-output>
          </reporter-output>
        </test-method> <!-- afterTest -->
      </class> <!-- com.webtestapp.webtest1.NewTest -->
      <class name="com.webtestapp.webtest1.NewTest2">
        <test-method is-config="true" signature="beforeTest()[pri:0, instance:com.webtestapp.webtest1.NewTest2@71c3b41]" started-at="2021-09-16T23:17:19 IST" name="beforeTest" finished-at="2021-09-16T23:17:23 IST" duration-ms="4269" status="PASS">
          <reporter-output>
          </reporter-output>
        </test-method> <!-- beforeTest -->
        <test-method signature="testJbkTitle()[pri:0, instance:com.webtestapp.webtest1.NewTest2@71c3b41]" started-at="2021-09-16T23:17:23 IST" name="testJbkTitle" finished-at="2021-09-16T23:17:34 IST" duration-ms="10740" status="PASS">
          <reporter-output>
          </reporter-output>
        </test-method> <!-- testJbkTitle -->
        <test-method signature="testJbkTitleInvalid()[pri:1, instance:com.webtestapp.webtest1.NewTest2@71c3b41]" started-at="2021-09-16T23:17:34 IST" name="testJbkTitleInvalid" finished-at="2021-09-16T23:17:35 IST" duration-ms="905" status="PASS">
          <reporter-output>
          </reporter-output>
        </test-method> <!-- testJbkTitleInvalid -->
        <test-method signature="testJbkTitlesubmit()[pri:2, instance:com.webtestapp.webtest1.NewTest2@71c3b41]" started-at="2021-09-16T23:17:35 IST" name="testJbkTitlesubmit" finished-at="2021-09-16T23:18:04 IST" duration-ms="29023" status="PASS">
          <reporter-output>
          </reporter-output>
        </test-method> <!-- testJbkTitlesubmit -->
        <test-method signature="testJbkTitlecheck()[pri:3, instance:com.webtestapp.webtest1.NewTest2@71c3b41]" started-at="2021-09-16T23:18:04 IST" name="testJbkTitlecheck" finished-at="2021-09-16T23:18:04 IST" duration-ms="483" status="PASS">
          <reporter-output>
          </reporter-output>
        </test-method> <!-- testJbkTitlecheck -->
        <test-method signature="testJbkTitlescroll()[pri:3, instance:com.webtestapp.webtest1.NewTest2@71c3b41]" started-at="2021-09-16T23:18:04 IST" name="testJbkTitlescroll" finished-at="2021-09-16T23:18:10 IST" duration-ms="6092" status="PASS">
          <reporter-output>
          </reporter-output>
        </test-method> <!-- testJbkTitlescroll -->
        <test-method is-config="true" signature="afterTest()[pri:0, instance:com.webtestapp.webtest1.NewTest2@71c3b41]" started-at="2021-09-16T23:18:25 IST" name="afterTest" finished-at="2021-09-16T23:18:26 IST" duration-ms="1253" status="PASS">
          <reporter-output>
          </reporter-output>
        </test-method> <!-- afterTest -->
      </class> <!-- com.webtestapp.webtest1.NewTest2 -->
    </test> <!-- Test -->
  </suite> <!-- Suite -->
</testng-results>
