<?xml version="1.0" encoding="UTF-8"?>
<testng-results ignored="0" total="3" passed="3" failed="0" skipped="0">
  <reporter-output>
  </reporter-output>
  <suite started-at="2021-09-16T22:48:22 IST" name="Default suite" finished-at="2021-09-16T22:48:38 IST" duration-ms="15221">
    <groups>
    </groups>
    <test started-at="2021-09-16T22:48:22 IST" name="Default test" finished-at="2021-09-16T22:48:38 IST" duration-ms="15221">
      <class name="com.webtestapp.webtest1.NewTest">
        <test-method is-config="true" signature="beforeTest()[pri:0, instance:com.webtestapp.webtest1.NewTest@33990a0c]" started-at="2021-09-16T22:48:22 IST" name="beforeTest" finished-at="2021-09-16T22:48:26 IST" duration-ms="3250" status="PASS">
          <reporter-output>
          </reporter-output>
        </test-method> <!-- beforeTest -->
        <test-method signature="test1()[pri:0, instance:com.webtestapp.webtest1.NewTest@33990a0c]" started-at="2021-09-16T22:48:26 IST" name="test1" finished-at="2021-09-16T22:48:30 IST" duration-ms="3886" status="PASS">
          <reporter-output>
          </reporter-output>
        </test-method> <!-- test1 -->
        <test-method signature="test2()[pri:0, instance:com.webtestapp.webtest1.NewTest@33990a0c]" started-at="2021-09-16T22:48:30 IST" name="test2" finished-at="2021-09-16T22:48:33 IST" duration-ms="3413" status="PASS">
          <reporter-output>
          </reporter-output>
        </test-method> <!-- test2 -->
        <test-method signature="test3()[pri:0, instance:com.webtestapp.webtest1.NewTest@33990a0c]" started-at="2021-09-16T22:48:33 IST" name="test3" finished-at="2021-09-16T22:48:37 IST" duration-ms="3646" status="PASS">
          <reporter-output>
          </reporter-output>
        </test-method> <!-- test3 -->
        <test-method is-config="true" signature="afterTest()[pri:0, instance:com.webtestapp.webtest1.NewTest@33990a0c]" started-at="2021-09-16T22:48:37 IST" name="afterTest" finished-at="2021-09-16T22:48:38 IST" duration-ms="947" status="PASS">
          <reporter-output>
          </reporter-output>
        </test-method> <!-- afterTest -->
      </class> <!-- com.webtestapp.webtest1.NewTest -->
    </test> <!-- Default test -->
  </suite> <!-- Default suite -->
</testng-results>
